<?xml version="1.0" encoding="UTF-8"?><testsuite errors="1" failures="0" name="Registroorange" skipped="0" tests="1" time="38.73" timestamp="2019-04-17 01:12:02"><testcase name="Registro de empleado en OrangeHR"><error message="The following error occurred: Cannot locate option with value: Australian Regional HQ&#10;For documentation on this error, please visit: http://seleniumhq.org/exceptions/no_such_element.html&#10;Build info: version: '3.11.0', revision: 'e59cfb3', time: '2018-03-11T20:26:55.152Z'&#10;System info: host: 'CHMEPPF0HFNRV', ip: '172.17.27.128', os.name: 'Windows 10', os.arch: 'amd64', os.version: '10.0', java.version: '1.8.0_172'&#10;Driver info: driver.version: unknown" type="org.openqa.selenium.NoSuchElementException">The following error occurred: Cannot locate option with value: Australian Regional HQ
For documentation on this error, please visit: http://seleniumhq.org/exceptions/no_such_element.html
Build info: version: '3.11.0', revision: 'e59cfb3', time: '2018-03-11T20:26:55.152Z'
System info: host: 'CHMEPPF0HFNRV', ip: '172.17.27.128', os.name: 'Windows 10', os.arch: 'amd64', os.version: '10.0', java.version: '1.8.0_172'
Driver info: driver.version: unknown</error><system-err>The following error occurred: Cannot locate option with value: Australian Regional HQ
For documentation on this error, please visit: http://seleniumhq.org/exceptions/no_such_element.html
Build info: version: '3.11.0', revision: 'e59cfb3', time: '2018-03-11T20:26:55.152Z'
System info: host: 'CHMEPPF0HFNRV', ip: '172.17.27.128', os.name: 'Windows 10', os.arch: 'amd64', os.version: '10.0', java.version: '1.8.0_172'
Driver info: driver.version: unknown&#13;
co.com.proyectobase.screenplay.tasks.Registrar.performAs(Registrar.java:45)&#13;
co.com.proyectobase.screenplay.stepdefinitions.RegisterOrangeHRStepDefinitions.el_realiza_el_ingreso_del_registro_en_la_aplicación(RegisterOrangeHRStepDefinitions.java:37)&#13;
cucumber.runner.Runner.runPickle(Runner.java:80)&#13;
</system-err></testcase></testsuite>